<?xml version="1.0" encoding="UTF-8"?>
<!-- Generated by org.testng.reporters.JUnitReportReporter -->
<testsuite hostname="PC-201912201152" name="com.czq.Imooc.CourseList" tests="1" failures="0" timestamp="29 Jan 2020 07:48:33 GMT" time="13.771" errors="0">
  <testcase name="test02" time="13.771" classname="com.czq.Imooc.CourseList"/>
</testsuite> <!-- com.czq.Imooc.CourseList -->
