<?xml version="1.0" encoding="UTF-8"?>
<!-- Generated by org.testng.reporters.JUnitReportReporter -->
<testsuite hostname="PC-201912201152" name="com.czq.Imooc.TestngCase" tests="3" failures="0" timestamp="25 Jan 2020 10:51:57 GMT" time="0.007" errors="0">
  <testcase name="test02" time="0.001" classname="com.czq.Imooc.TestngCase"/>
  <testcase name="test01" time="0.005" classname="com.czq.Imooc.TestngCase"/>
  <testcase name="test03" time="0.001" classname="com.czq.Imooc.TestngCase"/>
</testsuite> <!-- com.czq.Imooc.TestngCase -->
